[Opened /opt/jdk/jdk1.8.0_101/jre/lib/rt.jar]
[Loaded java.lang.Object from /opt/jdk/jdk1.8.0_101/jre/lib/rt.jar]
[Loaded java.io.Serializable from /opt/jdk/jdk1.8.0_101/jre/lib/rt.jar]
[Loaded java.lang.Comparable from /opt/jdk/jdk1.8.0_101/jre/lib/rt.jar]
[Loaded java.lang.CharSequence from /opt/jdk/jdk1.8.0_101/jre/lib/rt.jar]
[Loaded java.lang.String from /opt/jdk/jdk1.8.0_101/jre/lib/rt.jar]
[Loaded java.lang.reflect.AnnotatedElement from /opt/jdk/jdk1.8.0_101/jre/lib/rt.jar]
[Loaded java.lang.reflect.GenericDeclaration from /opt/jdk/jdk1.8.0_101/jre/lib/rt.jar]
[Loaded java.lang.reflect.Type from /opt/jdk/jdk1.8.0_101/jre/lib/rt.jar]
[Loaded java.lang.Class from /opt/jdk/jdk1.8.0_101/jre/lib/rt.jar]
[Loaded java.lang.Cloneable from /opt/jdk/jdk1.8.0_101/jre/lib/rt.jar]
[Loaded java.lang.ClassLoader from /opt/jdk/jdk1.8.0_101/jre/lib/rt.jar]
[Loaded java.lang.System from /opt/jdk/jdk1.8.0_101/jre/lib/rt.jar]
[Loaded java.lang.Throwable from /opt/jdk/jdk1.8.0_101/jre/lib/rt.jar]
[Loaded java.lang.Error from /opt/jdk/jdk1.8.0_101/jre/lib/rt.jar]
[Loaded java.lang.ThreadDeath from /opt/jdk/jdk1.8.0_101/jre/lib/rt.jar]
[Loaded java.lang.Exception from /opt/jdk/jdk1.8.0_101/jre/lib/rt.jar]
[Loaded java.lang.RuntimeException from /opt/jdk/jdk1.8.0_101/jre/lib/rt.jar]
[Loaded java.lang.SecurityManager from /opt/jdk/jdk1.8.0_101/jre/lib/rt.jar]
[Loaded java.security.ProtectionDomain from /opt/jdk/jdk1.8.0_101/jre/lib/rt.jar]
[Loaded java.security.AccessControlContext from /opt/jdk/jdk1.8.0_101/jre/lib/rt.jar]
[Loaded java.security.SecureClassLoader from /opt/jdk/jdk1.8.0_101/jre/lib/rt.jar]
[Loaded java.lang.ReflectiveOperationException from /opt/jdk/jdk1.8.0_101/jre/lib/rt.jar]
[Loaded java.lang.ClassNotFoundException from /opt/jdk/jdk1.8.0_101/jre/lib/rt.jar]
[Loaded java.lang.LinkageError from /opt/jdk/jdk1.8.0_101/jre/lib/rt.jar]
[Loaded java.lang.NoClassDefFoundError from /opt/jdk/jdk1.8.0_101/jre/lib/rt.jar]
[Loaded java.lang.ClassCastException from /opt/jdk/jdk1.8.0_101/jre/lib/rt.jar]
[Loaded java.lang.ArrayStoreException from /opt/jdk/jdk1.8.0_101/jre/lib/rt.jar]
[Loaded java.lang.VirtualMachineError from /opt/jdk/jdk1.8.0_101/jre/lib/rt.jar]
[Loaded java.lang.OutOfMemoryError from /opt/jdk/jdk1.8.0_101/jre/lib/rt.jar]
[Loaded java.lang.StackOverflowError from /opt/jdk/jdk1.8.0_101/jre/lib/rt.jar]
[Loaded java.lang.IllegalMonitorStateException from /opt/jdk/jdk1.8.0_101/jre/lib/rt.jar]
[Loaded java.lang.ref.Reference from /opt/jdk/jdk1.8.0_101/jre/lib/rt.jar]
[Loaded java.lang.ref.SoftReference from /opt/jdk/jdk1.8.0_101/jre/lib/rt.jar]
[Loaded java.lang.ref.WeakReference from /opt/jdk/jdk1.8.0_101/jre/lib/rt.jar]
[Loaded java.lang.ref.FinalReference from /opt/jdk/jdk1.8.0_101/jre/lib/rt.jar]
[Loaded java.lang.ref.PhantomReference from /opt/jdk/jdk1.8.0_101/jre/lib/rt.jar]
[Loaded sun.misc.Cleaner from /opt/jdk/jdk1.8.0_101/jre/lib/rt.jar]
[Loaded java.lang.ref.Finalizer from /opt/jdk/jdk1.8.0_101/jre/lib/rt.jar]
[Loaded java.lang.Runnable from /opt/jdk/jdk1.8.0_101/jre/lib/rt.jar]
[Loaded java.lang.Thread from /opt/jdk/jdk1.8.0_101/jre/lib/rt.jar]
[Loaded java.lang.Thread$UncaughtExceptionHandler from /opt/jdk/jdk1.8.0_101/jre/lib/rt.jar]
[Loaded java.lang.ThreadGroup from /opt/jdk/jdk1.8.0_101/jre/lib/rt.jar]
[Loaded java.util.Map from /opt/jdk/jdk1.8.0_101/jre/lib/rt.jar]
[Loaded java.util.Dictionary from /opt/jdk/jdk1.8.0_101/jre/lib/rt.jar]
[Loaded java.util.Hashtable from /opt/jdk/jdk1.8.0_101/jre/lib/rt.jar]
[Loaded java.util.Properties from /opt/jdk/jdk1.8.0_101/jre/lib/rt.jar]
[Loaded java.lang.reflect.AccessibleObject from /opt/jdk/jdk1.8.0_101/jre/lib/rt.jar]
[Loaded java.lang.reflect.Member from /opt/jdk/jdk1.8.0_101/jre/lib/rt.jar]
[Loaded java.lang.reflect.Field from /opt/jdk/jdk1.8.0_101/jre/lib/rt.jar]
[Loaded java.lang.reflect.Parameter from /opt/jdk/jdk1.8.0_101/jre/lib/rt.jar]
[Loaded java.lang.reflect.Executable from /opt/jdk/jdk1.8.0_101/jre/lib/rt.jar]
[Loaded java.lang.reflect.Method from /opt/jdk/jdk1.8.0_101/jre/lib/rt.jar]
[Loaded java.lang.reflect.Constructor from /opt/jdk/jdk1.8.0_101/jre/lib/rt.jar]
[Loaded sun.reflect.MagicAccessorImpl from /opt/jdk/jdk1.8.0_101/jre/lib/rt.jar]
[Loaded sun.reflect.MethodAccessor from /opt/jdk/jdk1.8.0_101/jre/lib/rt.jar]
[Loaded sun.reflect.MethodAccessorImpl from /opt/jdk/jdk1.8.0_101/jre/lib/rt.jar]
[Loaded sun.reflect.ConstructorAccessor from /opt/jdk/jdk1.8.0_101/jre/lib/rt.jar]
[Loaded sun.reflect.ConstructorAccessorImpl from /opt/jdk/jdk1.8.0_101/jre/lib/rt.jar]
[Loaded sun.reflect.DelegatingClassLoader from /opt/jdk/jdk1.8.0_101/jre/lib/rt.jar]
[Loaded sun.reflect.ConstantPool from /opt/jdk/jdk1.8.0_101/jre/lib/rt.jar]
[Loaded sun.reflect.FieldAccessor from /opt/jdk/jdk1.8.0_101/jre/lib/rt.jar]
[Loaded sun.reflect.FieldAccessorImpl from /opt/jdk/jdk1.8.0_101/jre/lib/rt.jar]
[Loaded sun.reflect.UnsafeFieldAccessorImpl from /opt/jdk/jdk1.8.0_101/jre/lib/rt.jar]
[Loaded sun.reflect.UnsafeStaticFieldAccessorImpl from /opt/jdk/jdk1.8.0_101/jre/lib/rt.jar]
[Loaded java.lang.annotation.Annotation from /opt/jdk/jdk1.8.0_101/jre/lib/rt.jar]
[Loaded sun.reflect.CallerSensitive from /opt/jdk/jdk1.8.0_101/jre/lib/rt.jar]
[Loaded java.lang.invoke.MethodHandle from /opt/jdk/jdk1.8.0_101/jre/lib/rt.jar]
[Loaded java.lang.invoke.DirectMethodHandle from /opt/jdk/jdk1.8.0_101/jre/lib/rt.jar]
[Loaded java.lang.invoke.MemberName from /opt/jdk/jdk1.8.0_101/jre/lib/rt.jar]
[Loaded java.lang.invoke.MethodHandleNatives from /opt/jdk/jdk1.8.0_101/jre/lib/rt.jar]
[Loaded java.lang.invoke.LambdaForm from /opt/jdk/jdk1.8.0_101/jre/lib/rt.jar]
[Loaded java.lang.invoke.MethodType from /opt/jdk/jdk1.8.0_101/jre/lib/rt.jar]
[Loaded java.lang.BootstrapMethodError from /opt/jdk/jdk1.8.0_101/jre/lib/rt.jar]
[Loaded java.lang.invoke.CallSite from /opt/jdk/jdk1.8.0_101/jre/lib/rt.jar]
[Loaded java.lang.invoke.ConstantCallSite from /opt/jdk/jdk1.8.0_101/jre/lib/rt.jar]
[Loaded java.lang.invoke.MutableCallSite from /opt/jdk/jdk1.8.0_101/jre/lib/rt.jar]
[Loaded java.lang.invoke.VolatileCallSite from /opt/jdk/jdk1.8.0_101/jre/lib/rt.jar]
[Loaded java.lang.Appendable from /opt/jdk/jdk1.8.0_101/jre/lib/rt.jar]
[Loaded java.lang.AbstractStringBuilder from /opt/jdk/jdk1.8.0_101/jre/lib/rt.jar]
[Loaded java.lang.StringBuffer from /opt/jdk/jdk1.8.0_101/jre/lib/rt.jar]
[Loaded java.lang.StringBuilder from /opt/jdk/jdk1.8.0_101/jre/lib/rt.jar]
[Loaded sun.misc.Unsafe from /opt/jdk/jdk1.8.0_101/jre/lib/rt.jar]
[Loaded java.lang.AutoCloseable from /opt/jdk/jdk1.8.0_101/jre/lib/rt.jar]
[Loaded java.io.Closeable from /opt/jdk/jdk1.8.0_101/jre/lib/rt.jar]
[Loaded java.io.InputStream from /opt/jdk/jdk1.8.0_101/jre/lib/rt.jar]
[Loaded java.io.ByteArrayInputStream from /opt/jdk/jdk1.8.0_101/jre/lib/rt.jar]
[Loaded java.io.File from /opt/jdk/jdk1.8.0_101/jre/lib/rt.jar]
[Loaded java.net.URLClassLoader from /opt/jdk/jdk1.8.0_101/jre/lib/rt.jar]
[Loaded java.net.URL from /opt/jdk/jdk1.8.0_101/jre/lib/rt.jar]
[Loaded java.util.jar.Manifest from /opt/jdk/jdk1.8.0_101/jre/lib/rt.jar]
[Loaded sun.misc.Launcher from /opt/jdk/jdk1.8.0_101/jre/lib/rt.jar]
[Loaded sun.misc.Launcher$AppClassLoader from /opt/jdk/jdk1.8.0_101/jre/lib/rt.jar]
[Loaded sun.misc.Launcher$ExtClassLoader from /opt/jdk/jdk1.8.0_101/jre/lib/rt.jar]
[Loaded java.security.CodeSource from /opt/jdk/jdk1.8.0_101/jre/lib/rt.jar]
[Loaded java.lang.StackTraceElement from /opt/jdk/jdk1.8.0_101/jre/lib/rt.jar]
[Loaded java.nio.Buffer from /opt/jdk/jdk1.8.0_101/jre/lib/rt.jar]
[Loaded java.lang.Boolean from /opt/jdk/jdk1.8.0_101/jre/lib/rt.jar]
[Loaded java.lang.Character from /opt/jdk/jdk1.8.0_101/jre/lib/rt.jar]
[Loaded java.lang.Number from /opt/jdk/jdk1.8.0_101/jre/lib/rt.jar]
[Loaded java.lang.Float from /opt/jdk/jdk1.8.0_101/jre/lib/rt.jar]
[Loaded java.lang.Double from /opt/jdk/jdk1.8.0_101/jre/lib/rt.jar]
[Loaded java.lang.Byte from /opt/jdk/jdk1.8.0_101/jre/lib/rt.jar]
[Loaded java.lang.Short from /opt/jdk/jdk1.8.0_101/jre/lib/rt.jar]
[Loaded java.lang.Integer from /opt/jdk/jdk1.8.0_101/jre/lib/rt.jar]
[Loaded java.lang.Long from /opt/jdk/jdk1.8.0_101/jre/lib/rt.jar]
[Loaded java.lang.NullPointerException from /opt/jdk/jdk1.8.0_101/jre/lib/rt.jar]
[Loaded java.lang.ArithmeticException from /opt/jdk/jdk1.8.0_101/jre/lib/rt.jar]
[Loaded java.io.ObjectStreamField from /opt/jdk/jdk1.8.0_101/jre/lib/rt.jar]
[Loaded java.util.Comparator from /opt/jdk/jdk1.8.0_101/jre/lib/rt.jar]
[Loaded java.lang.String$CaseInsensitiveComparator from /opt/jdk/jdk1.8.0_101/jre/lib/rt.jar]
[Loaded java.security.Guard from /opt/jdk/jdk1.8.0_101/jre/lib/rt.jar]
[Loaded java.security.Permission from /opt/jdk/jdk1.8.0_101/jre/lib/rt.jar]
[Loaded java.security.BasicPermission from /opt/jdk/jdk1.8.0_101/jre/lib/rt.jar]
[Loaded java.lang.RuntimePermission from /opt/jdk/jdk1.8.0_101/jre/lib/rt.jar]
[Loaded java.security.AccessController from /opt/jdk/jdk1.8.0_101/jre/lib/rt.jar]
[Loaded java.lang.reflect.ReflectPermission from /opt/jdk/jdk1.8.0_101/jre/lib/rt.jar]
[Loaded java.security.PrivilegedAction from /opt/jdk/jdk1.8.0_101/jre/lib/rt.jar]
[Loaded sun.reflect.ReflectionFactory$GetReflectionFactoryAction from /opt/jdk/jdk1.8.0_101/jre/lib/rt.jar]
[Loaded java.security.cert.Certificate from /opt/jdk/jdk1.8.0_101/jre/lib/rt.jar]
[Loaded java.lang.Iterable from /opt/jdk/jdk1.8.0_101/jre/lib/rt.jar]
[Loaded java.util.Collection from /opt/jdk/jdk1.8.0_101/jre/lib/rt.jar]
[Loaded java.util.List from /opt/jdk/jdk1.8.0_101/jre/lib/rt.jar]
[Loaded java.util.RandomAccess from /opt/jdk/jdk1.8.0_101/jre/lib/rt.jar]
[Loaded java.util.AbstractCollection from /opt/jdk/jdk1.8.0_101/jre/lib/rt.jar]
[Loaded java.util.AbstractList from /opt/jdk/jdk1.8.0_101/jre/lib/rt.jar]
[Loaded java.util.Vector from /opt/jdk/jdk1.8.0_101/jre/lib/rt.jar]
[Loaded java.util.Stack from /opt/jdk/jdk1.8.0_101/jre/lib/rt.jar]
[Loaded sun.reflect.ReflectionFactory from /opt/jdk/jdk1.8.0_101/jre/lib/rt.jar]
[Loaded java.lang.ref.Reference$Lock from /opt/jdk/jdk1.8.0_101/jre/lib/rt.jar]
[Loaded java.lang.ref.Reference$ReferenceHandler from /opt/jdk/jdk1.8.0_101/jre/lib/rt.jar]
[Loaded java.lang.InterruptedException from /opt/jdk/jdk1.8.0_101/jre/lib/rt.jar]
[Loaded java.util.ArrayList from /opt/jdk/jdk1.8.0_101/jre/lib/rt.jar]
[Loaded java.util.Collections from /opt/jdk/jdk1.8.0_101/jre/lib/rt.jar]
[Loaded java.util.Set from /opt/jdk/jdk1.8.0_101/jre/lib/rt.jar]
[Loaded java.util.AbstractSet from /opt/jdk/jdk1.8.0_101/jre/lib/rt.jar]
[Loaded java.util.Collections$EmptySet from /opt/jdk/jdk1.8.0_101/jre/lib/rt.jar]
[Loaded java.util.Collections$EmptyList from /opt/jdk/jdk1.8.0_101/jre/lib/rt.jar]
[Loaded java.util.AbstractMap from /opt/jdk/jdk1.8.0_101/jre/lib/rt.jar]
[Loaded java.util.Collections$EmptyMap from /opt/jdk/jdk1.8.0_101/jre/lib/rt.jar]
[Loaded java.util.Collections$UnmodifiableCollection from /opt/jdk/jdk1.8.0_101/jre/lib/rt.jar]
[Loaded java.util.Collections$UnmodifiableList from /opt/jdk/jdk1.8.0_101/jre/lib/rt.jar]
[Loaded java.util.Collections$UnmodifiableRandomAccessList from /opt/jdk/jdk1.8.0_101/jre/lib/rt.jar]
[Loaded java.lang.ref.ReferenceQueue from /opt/jdk/jdk1.8.0_101/jre/lib/rt.jar]
[Loaded java.lang.ref.ReferenceQueue$Null from /opt/jdk/jdk1.8.0_101/jre/lib/rt.jar]
[Loaded java.lang.ref.ReferenceQueue$Lock from /opt/jdk/jdk1.8.0_101/jre/lib/rt.jar]
[Loaded sun.misc.JavaLangRefAccess from /opt/jdk/jdk1.8.0_101/jre/lib/rt.jar]
[Loaded java.lang.ref.Reference$1 from /opt/jdk/jdk1.8.0_101/jre/lib/rt.jar]
[Loaded sun.misc.SharedSecrets from /opt/jdk/jdk1.8.0_101/jre/lib/rt.jar]
[Loaded java.lang.IncompatibleClassChangeError from /opt/jdk/jdk1.8.0_101/jre/lib/rt.jar]
[Loaded java.lang.NoSuchMethodError from /opt/jdk/jdk1.8.0_101/jre/lib/rt.jar]
[Loaded sun.reflect.Reflection from /opt/jdk/jdk1.8.0_101/jre/lib/rt.jar]
[Loaded java.util.HashMap from /opt/jdk/jdk1.8.0_101/jre/lib/rt.jar]
[Loaded java.util.Map$Entry from /opt/jdk/jdk1.8.0_101/jre/lib/rt.jar]
[Loaded java.util.HashMap$Node from /opt/jdk/jdk1.8.0_101/jre/lib/rt.jar]
[Loaded sun.misc.VM from /opt/jdk/jdk1.8.0_101/jre/lib/rt.jar]
[Loaded java.util.Hashtable$Entry from /opt/jdk/jdk1.8.0_101/jre/lib/rt.jar]
[Loaded java.lang.Math from /opt/jdk/jdk1.8.0_101/jre/lib/rt.jar]
[Loaded java.lang.ref.Finalizer$FinalizerThread from /opt/jdk/jdk1.8.0_101/jre/lib/rt.jar]
[Loaded java.nio.charset.Charset from /opt/jdk/jdk1.8.0_101/jre/lib/rt.jar]
[Loaded java.nio.charset.spi.CharsetProvider from /opt/jdk/jdk1.8.0_101/jre/lib/rt.jar]
[Loaded sun.nio.cs.FastCharsetProvider from /opt/jdk/jdk1.8.0_101/jre/lib/rt.jar]
[Loaded sun.nio.cs.StandardCharsets from /opt/jdk/jdk1.8.0_101/jre/lib/rt.jar]
[Loaded sun.util.PreHashedMap from /opt/jdk/jdk1.8.0_101/jre/lib/rt.jar]
[Loaded sun.nio.cs.StandardCharsets$Aliases from /opt/jdk/jdk1.8.0_101/jre/lib/rt.jar]
[Loaded sun.nio.cs.StandardCharsets$Classes from /opt/jdk/jdk1.8.0_101/jre/lib/rt.jar]
[Loaded sun.nio.cs.StandardCharsets$Cache from /opt/jdk/jdk1.8.0_101/jre/lib/rt.jar]
[Loaded java.lang.ThreadLocal from /opt/jdk/jdk1.8.0_101/jre/lib/rt.jar]
[Loaded java.util.concurrent.atomic.AtomicInteger from /opt/jdk/jdk1.8.0_101/jre/lib/rt.jar]
[Loaded java.lang.Class$3 from /opt/jdk/jdk1.8.0_101/jre/lib/rt.jar]
[Loaded java.lang.Class$ReflectionData from /opt/jdk/jdk1.8.0_101/jre/lib/rt.jar]
[Loaded java.lang.Class$Atomic from /opt/jdk/jdk1.8.0_101/jre/lib/rt.jar]
[Loaded sun.reflect.generics.repository.AbstractRepository from /opt/jdk/jdk1.8.0_101/jre/lib/rt.jar]
[Loaded sun.reflect.generics.repository.GenericDeclRepository from /opt/jdk/jdk1.8.0_101/jre/lib/rt.jar]
[Loaded sun.reflect.generics.repository.ClassRepository from /opt/jdk/jdk1.8.0_101/jre/lib/rt.jar]
[Loaded java.lang.Class$AnnotationData from /opt/jdk/jdk1.8.0_101/jre/lib/rt.jar]
[Loaded sun.reflect.annotation.AnnotationType from /opt/jdk/jdk1.8.0_101/jre/lib/rt.jar]
[Loaded java.util.WeakHashMap from /opt/jdk/jdk1.8.0_101/jre/lib/rt.jar]
[Loaded java.lang.ClassValue$ClassValueMap from /opt/jdk/jdk1.8.0_101/jre/lib/rt.jar]
[Loaded java.lang.reflect.Modifier from /opt/jdk/jdk1.8.0_101/jre/lib/rt.jar]
[Loaded sun.reflect.LangReflectAccess from /opt/jdk/jdk1.8.0_101/jre/lib/rt.jar]
[Loaded java.lang.reflect.ReflectAccess from /opt/jdk/jdk1.8.0_101/jre/lib/rt.jar]
[Loaded java.util.Arrays from /opt/jdk/jdk1.8.0_101/jre/lib/rt.jar]
[Loaded sun.nio.cs.HistoricallyNamedCharset from /opt/jdk/jdk1.8.0_101/jre/lib/rt.jar]
[Loaded sun.nio.cs.Unicode from /opt/jdk/jdk1.8.0_101/jre/lib/rt.jar]
[Loaded sun.nio.cs.UTF_8 from /opt/jdk/jdk1.8.0_101/jre/lib/rt.jar]
[Loaded java.lang.Class$1 from /opt/jdk/jdk1.8.0_101/jre/lib/rt.jar]
[Loaded sun.reflect.ReflectionFactory$1 from /opt/jdk/jdk1.8.0_101/jre/lib/rt.jar]
[Loaded sun.reflect.NativeConstructorAccessorImpl from /opt/jdk/jdk1.8.0_101/jre/lib/rt.jar]
[Loaded sun.reflect.DelegatingConstructorAccessorImpl from /opt/jdk/jdk1.8.0_101/jre/lib/rt.jar]
[Loaded java.lang.StringCoding from /opt/jdk/jdk1.8.0_101/jre/lib/rt.jar]
[Loaded java.lang.ThreadLocal$ThreadLocalMap from /opt/jdk/jdk1.8.0_101/jre/lib/rt.jar]
[Loaded java.lang.ThreadLocal$ThreadLocalMap$Entry from /opt/jdk/jdk1.8.0_101/jre/lib/rt.jar]
[Loaded java.lang.StringCoding$StringDecoder from /opt/jdk/jdk1.8.0_101/jre/lib/rt.jar]
[Loaded sun.nio.cs.ArrayDecoder from /opt/jdk/jdk1.8.0_101/jre/lib/rt.jar]
[Loaded java.nio.charset.CharsetDecoder from /opt/jdk/jdk1.8.0_101/jre/lib/rt.jar]
[Loaded sun.nio.cs.UTF_8$Decoder from /opt/jdk/jdk1.8.0_101/jre/lib/rt.jar]
[Loaded java.nio.charset.CodingErrorAction from /opt/jdk/jdk1.8.0_101/jre/lib/rt.jar]
[Loaded java.util.Hashtable$EntrySet from /opt/jdk/jdk1.8.0_101/jre/lib/rt.jar]
[Loaded java.util.Collections$SynchronizedCollection from /opt/jdk/jdk1.8.0_101/jre/lib/rt.jar]
[Loaded java.util.Collections$SynchronizedSet from /opt/jdk/jdk1.8.0_101/jre/lib/rt.jar]
[Loaded java.util.Objects from /opt/jdk/jdk1.8.0_101/jre/lib/rt.jar]
[Loaded java.util.Enumeration from /opt/jdk/jdk1.8.0_101/jre/lib/rt.jar]
[Loaded java.util.Iterator from /opt/jdk/jdk1.8.0_101/jre/lib/rt.jar]
[Loaded java.util.Hashtable$Enumerator from /opt/jdk/jdk1.8.0_101/jre/lib/rt.jar]
[Loaded java.lang.Runtime from /opt/jdk/jdk1.8.0_101/jre/lib/rt.jar]
[Loaded sun.misc.Version from /opt/jdk/jdk1.8.0_101/jre/lib/rt.jar]
[Loaded java.io.FileInputStream from /opt/jdk/jdk1.8.0_101/jre/lib/rt.jar]
[Loaded java.io.FileDescriptor from /opt/jdk/jdk1.8.0_101/jre/lib/rt.jar]
[Loaded sun.misc.JavaIOFileDescriptorAccess from /opt/jdk/jdk1.8.0_101/jre/lib/rt.jar]
[Loaded java.io.FileDescriptor$1 from /opt/jdk/jdk1.8.0_101/jre/lib/rt.jar]
[Loaded java.io.Flushable from /opt/jdk/jdk1.8.0_101/jre/lib/rt.jar]
[Loaded java.io.OutputStream from /opt/jdk/jdk1.8.0_101/jre/lib/rt.jar]
[Loaded java.io.FileOutputStream from /opt/jdk/jdk1.8.0_101/jre/lib/rt.jar]
[Loaded java.io.FilterInputStream from /opt/jdk/jdk1.8.0_101/jre/lib/rt.jar]
[Loaded java.io.BufferedInputStream from /opt/jdk/jdk1.8.0_101/jre/lib/rt.jar]
[Loaded java.util.concurrent.atomic.AtomicReferenceFieldUpdater from /opt/jdk/jdk1.8.0_101/jre/lib/rt.jar]
[Loaded java.util.concurrent.atomic.AtomicReferenceFieldUpdater$AtomicReferenceFieldUpdaterImpl from /opt/jdk/jdk1.8.0_101/jre/lib/rt.jar]
[Loaded java.security.PrivilegedExceptionAction from /opt/jdk/jdk1.8.0_101/jre/lib/rt.jar]
[Loaded java.util.concurrent.atomic.AtomicReferenceFieldUpdater$AtomicReferenceFieldUpdaterImpl$1 from /opt/jdk/jdk1.8.0_101/jre/lib/rt.jar]
[Loaded sun.reflect.misc.ReflectUtil from /opt/jdk/jdk1.8.0_101/jre/lib/rt.jar]
[Loaded java.io.FilterOutputStream from /opt/jdk/jdk1.8.0_101/jre/lib/rt.jar]
[Loaded java.io.PrintStream from /opt/jdk/jdk1.8.0_101/jre/lib/rt.jar]
[Loaded java.io.BufferedOutputStream from /opt/jdk/jdk1.8.0_101/jre/lib/rt.jar]
[Loaded java.io.Writer from /opt/jdk/jdk1.8.0_101/jre/lib/rt.jar]
[Loaded java.io.OutputStreamWriter from /opt/jdk/jdk1.8.0_101/jre/lib/rt.jar]
[Loaded sun.nio.cs.StreamEncoder from /opt/jdk/jdk1.8.0_101/jre/lib/rt.jar]
[Loaded sun.security.action.GetPropertyAction from /opt/jdk/jdk1.8.0_101/jre/lib/rt.jar]
[Loaded sun.nio.cs.ArrayEncoder from /opt/jdk/jdk1.8.0_101/jre/lib/rt.jar]
[Loaded java.nio.charset.CharsetEncoder from /opt/jdk/jdk1.8.0_101/jre/lib/rt.jar]
[Loaded sun.nio.cs.UTF_8$Encoder from /opt/jdk/jdk1.8.0_101/jre/lib/rt.jar]
[Loaded java.nio.ByteBuffer from /opt/jdk/jdk1.8.0_101/jre/lib/rt.jar]
[Loaded java.nio.HeapByteBuffer from /opt/jdk/jdk1.8.0_101/jre/lib/rt.jar]
[Loaded java.nio.Bits from /opt/jdk/jdk1.8.0_101/jre/lib/rt.jar]
[Loaded java.nio.ByteOrder from /opt/jdk/jdk1.8.0_101/jre/lib/rt.jar]
[Loaded java.util.concurrent.atomic.AtomicLong from /opt/jdk/jdk1.8.0_101/jre/lib/rt.jar]
[Loaded sun.misc.JavaNioAccess from /opt/jdk/jdk1.8.0_101/jre/lib/rt.jar]
[Loaded java.nio.Bits$1 from /opt/jdk/jdk1.8.0_101/jre/lib/rt.jar]
[Loaded java.io.BufferedWriter from /opt/jdk/jdk1.8.0_101/jre/lib/rt.jar]
[Loaded java.io.DefaultFileSystem from /opt/jdk/jdk1.8.0_101/jre/lib/rt.jar]
[Loaded java.io.FileSystem from /opt/jdk/jdk1.8.0_101/jre/lib/rt.jar]
[Loaded java.io.UnixFileSystem from /opt/jdk/jdk1.8.0_101/jre/lib/rt.jar]
[Loaded java.io.ExpiringCache from /opt/jdk/jdk1.8.0_101/jre/lib/rt.jar]
[Loaded java.util.LinkedHashMap from /opt/jdk/jdk1.8.0_101/jre/lib/rt.jar]
[Loaded java.io.ExpiringCache$1 from /opt/jdk/jdk1.8.0_101/jre/lib/rt.jar]
[Loaded java.lang.Enum from /opt/jdk/jdk1.8.0_101/jre/lib/rt.jar]
[Loaded java.io.File$PathStatus from /opt/jdk/jdk1.8.0_101/jre/lib/rt.jar]
[Loaded java.nio.file.Watchable from /opt/jdk/jdk1.8.0_101/jre/lib/rt.jar]
[Loaded java.nio.file.Path from /opt/jdk/jdk1.8.0_101/jre/lib/rt.jar]
[Loaded java.lang.StringCoding$StringEncoder from /opt/jdk/jdk1.8.0_101/jre/lib/rt.jar]
[Loaded java.lang.ClassLoader$3 from /opt/jdk/jdk1.8.0_101/jre/lib/rt.jar]
[Loaded java.io.ExpiringCache$Entry from /opt/jdk/jdk1.8.0_101/jre/lib/rt.jar]
[Loaded java.util.LinkedHashMap$Entry from /opt/jdk/jdk1.8.0_101/jre/lib/rt.jar]
[Loaded java.lang.ClassLoader$NativeLibrary from /opt/jdk/jdk1.8.0_101/jre/lib/rt.jar]
[Loaded java.lang.Terminator from /opt/jdk/jdk1.8.0_101/jre/lib/rt.jar]
[Loaded sun.misc.SignalHandler from /opt/jdk/jdk1.8.0_101/jre/lib/rt.jar]
[Loaded java.lang.Terminator$1 from /opt/jdk/jdk1.8.0_101/jre/lib/rt.jar]
[Loaded sun.misc.Signal from /opt/jdk/jdk1.8.0_101/jre/lib/rt.jar]
[Loaded sun.misc.NativeSignalHandler from /opt/jdk/jdk1.8.0_101/jre/lib/rt.jar]
[Loaded java.lang.Integer$IntegerCache from /opt/jdk/jdk1.8.0_101/jre/lib/rt.jar]
[Loaded sun.misc.OSEnvironment from /opt/jdk/jdk1.8.0_101/jre/lib/rt.jar]
[Loaded sun.misc.JavaLangAccess from /opt/jdk/jdk1.8.0_101/jre/lib/rt.jar]
[Loaded java.lang.System$2 from /opt/jdk/jdk1.8.0_101/jre/lib/rt.jar]
[Loaded java.lang.IllegalArgumentException from /opt/jdk/jdk1.8.0_101/jre/lib/rt.jar]
[Loaded java.lang.Compiler from /opt/jdk/jdk1.8.0_101/jre/lib/rt.jar]
[Loaded java.lang.Compiler$1 from /opt/jdk/jdk1.8.0_101/jre/lib/rt.jar]
[Loaded java.net.URLStreamHandlerFactory from /opt/jdk/jdk1.8.0_101/jre/lib/rt.jar]
[Loaded sun.misc.Launcher$Factory from /opt/jdk/jdk1.8.0_101/jre/lib/rt.jar]
[Loaded sun.security.util.Debug from /opt/jdk/jdk1.8.0_101/jre/lib/rt.jar]
[Loaded java.lang.ClassLoader$ParallelLoaders from /opt/jdk/jdk1.8.0_101/jre/lib/rt.jar]
[Loaded java.util.WeakHashMap$Entry from /opt/jdk/jdk1.8.0_101/jre/lib/rt.jar]
[Loaded java.util.Collections$SetFromMap from /opt/jdk/jdk1.8.0_101/jre/lib/rt.jar]
[Loaded java.util.WeakHashMap$KeySet from /opt/jdk/jdk1.8.0_101/jre/lib/rt.jar]
[Loaded sun.misc.JavaNetAccess from /opt/jdk/jdk1.8.0_101/jre/lib/rt.jar]
[Loaded java.net.URLClassLoader$7 from /opt/jdk/jdk1.8.0_101/jre/lib/rt.jar]
[Loaded java.util.StringTokenizer from /opt/jdk/jdk1.8.0_101/jre/lib/rt.jar]
[Loaded sun.misc.Launcher$ExtClassLoader$1 from /opt/jdk/jdk1.8.0_101/jre/lib/rt.jar]
[Loaded sun.misc.MetaIndex from /opt/jdk/jdk1.8.0_101/jre/lib/rt.jar]
[Loaded java.lang.Readable from /opt/jdk/jdk1.8.0_101/jre/lib/rt.jar]
[Loaded java.io.Reader from /opt/jdk/jdk1.8.0_101/jre/lib/rt.jar]
[Loaded java.io.BufferedReader from /opt/jdk/jdk1.8.0_101/jre/lib/rt.jar]
[Loaded java.io.InputStreamReader from /opt/jdk/jdk1.8.0_101/jre/lib/rt.jar]
[Loaded java.io.FileReader from /opt/jdk/jdk1.8.0_101/jre/lib/rt.jar]
[Loaded sun.nio.cs.StreamDecoder from /opt/jdk/jdk1.8.0_101/jre/lib/rt.jar]
[Loaded java.nio.CharBuffer from /opt/jdk/jdk1.8.0_101/jre/lib/rt.jar]
[Loaded java.nio.HeapCharBuffer from /opt/jdk/jdk1.8.0_101/jre/lib/rt.jar]
[Loaded java.nio.charset.CoderResult from /opt/jdk/jdk1.8.0_101/jre/lib/rt.jar]
[Loaded java.nio.charset.CoderResult$Cache from /opt/jdk/jdk1.8.0_101/jre/lib/rt.jar]
[Loaded java.nio.charset.CoderResult$1 from /opt/jdk/jdk1.8.0_101/jre/lib/rt.jar]
[Loaded java.nio.charset.CoderResult$2 from /opt/jdk/jdk1.8.0_101/jre/lib/rt.jar]
[Loaded java.lang.reflect.Array from /opt/jdk/jdk1.8.0_101/jre/lib/rt.jar]
[Loaded java.util.HashMap$TreeNode from /opt/jdk/jdk1.8.0_101/jre/lib/rt.jar]
[Loaded java.io.FileInputStream$1 from /opt/jdk/jdk1.8.0_101/jre/lib/rt.jar]
[Loaded sun.net.www.ParseUtil from /opt/jdk/jdk1.8.0_101/jre/lib/rt.jar]
[Loaded java.util.BitSet from /opt/jdk/jdk1.8.0_101/jre/lib/rt.jar]
[Loaded java.util.Locale from /opt/jdk/jdk1.8.0_101/jre/lib/rt.jar]
[Loaded sun.util.locale.LocaleObjectCache from /opt/jdk/jdk1.8.0_101/jre/lib/rt.jar]
[Loaded java.util.Locale$Cache from /opt/jdk/jdk1.8.0_101/jre/lib/rt.jar]
[Loaded java.util.concurrent.ConcurrentMap from /opt/jdk/jdk1.8.0_101/jre/lib/rt.jar]
[Loaded java.util.concurrent.ConcurrentHashMap from /opt/jdk/jdk1.8.0_101/jre/lib/rt.jar]
[Loaded java.util.concurrent.locks.Lock from /opt/jdk/jdk1.8.0_101/jre/lib/rt.jar]
[Loaded java.util.concurrent.locks.ReentrantLock from /opt/jdk/jdk1.8.0_101/jre/lib/rt.jar]
[Loaded java.util.concurrent.ConcurrentHashMap$Segment from /opt/jdk/jdk1.8.0_101/jre/lib/rt.jar]
[Loaded java.util.concurrent.ConcurrentHashMap$Node from /opt/jdk/jdk1.8.0_101/jre/lib/rt.jar]
[Loaded java.util.concurrent.ConcurrentHashMap$CounterCell from /opt/jdk/jdk1.8.0_101/jre/lib/rt.jar]
[Loaded java.util.concurrent.ConcurrentHashMap$CollectionView from /opt/jdk/jdk1.8.0_101/jre/lib/rt.jar]
[Loaded java.util.concurrent.ConcurrentHashMap$KeySetView from /opt/jdk/jdk1.8.0_101/jre/lib/rt.jar]
[Loaded java.util.concurrent.ConcurrentHashMap$ValuesView from /opt/jdk/jdk1.8.0_101/jre/lib/rt.jar]
[Loaded java.util.concurrent.ConcurrentHashMap$EntrySetView from /opt/jdk/jdk1.8.0_101/jre/lib/rt.jar]
[Loaded sun.util.locale.BaseLocale from /opt/jdk/jdk1.8.0_101/jre/lib/rt.jar]
[Loaded sun.util.locale.BaseLocale$Cache from /opt/jdk/jdk1.8.0_101/jre/lib/rt.jar]
[Loaded sun.util.locale.BaseLocale$Key from /opt/jdk/jdk1.8.0_101/jre/lib/rt.jar]
[Loaded sun.util.locale.LocaleObjectCache$CacheEntry from /opt/jdk/jdk1.8.0_101/jre/lib/rt.jar]
[Loaded java.util.Locale$LocaleKey from /opt/jdk/jdk1.8.0_101/jre/lib/rt.jar]
[Loaded sun.util.locale.LocaleUtils from /opt/jdk/jdk1.8.0_101/jre/lib/rt.jar]
[Loaded java.lang.CharacterData from /opt/jdk/jdk1.8.0_101/jre/lib/rt.jar]
[Loaded java.lang.CharacterDataLatin1 from /opt/jdk/jdk1.8.0_101/jre/lib/rt.jar]
[Loaded java.net.Parts from /opt/jdk/jdk1.8.0_101/jre/lib/rt.jar]
[Loaded java.net.URLStreamHandler from /opt/jdk/jdk1.8.0_101/jre/lib/rt.jar]
[Loaded sun.net.www.protocol.file.Handler from /opt/jdk/jdk1.8.0_101/jre/lib/rt.jar]
[Loaded sun.misc.JavaSecurityAccess from /opt/jdk/jdk1.8.0_101/jre/lib/rt.jar]
[Loaded java.security.ProtectionDomain$JavaSecurityAccessImpl from /opt/jdk/jdk1.8.0_101/jre/lib/rt.jar]
[Loaded sun.misc.JavaSecurityProtectionDomainAccess from /opt/jdk/jdk1.8.0_101/jre/lib/rt.jar]
[Loaded java.security.ProtectionDomain$2 from /opt/jdk/jdk1.8.0_101/jre/lib/rt.jar]
[Loaded java.security.ProtectionDomain$Key from /opt/jdk/jdk1.8.0_101/jre/lib/rt.jar]
[Loaded java.security.Principal from /opt/jdk/jdk1.8.0_101/jre/lib/rt.jar]
[Loaded java.util.HashSet from /opt/jdk/jdk1.8.0_101/jre/lib/rt.jar]
[Loaded sun.misc.URLClassPath from /opt/jdk/jdk1.8.0_101/jre/lib/rt.jar]
[Loaded sun.net.www.protocol.jar.Handler from /opt/jdk/jdk1.8.0_101/jre/lib/rt.jar]
[Loaded sun.misc.Launcher$AppClassLoader$1 from /opt/jdk/jdk1.8.0_101/jre/lib/rt.jar]
[Loaded java.lang.SystemClassLoaderAction from /opt/jdk/jdk1.8.0_101/jre/lib/rt.jar]
[Loaded java.lang.invoke.MethodHandleImpl from /opt/jdk/jdk1.8.0_101/jre/lib/rt.jar]
[Loaded java.lang.invoke.MethodHandleImpl$1 from /opt/jdk/jdk1.8.0_101/jre/lib/rt.jar]
[Loaded java.util.function.Function from /opt/jdk/jdk1.8.0_101/jre/lib/rt.jar]
[Loaded java.lang.invoke.MethodHandleImpl$2 from /opt/jdk/jdk1.8.0_101/jre/lib/rt.jar]
[Loaded java.lang.invoke.MethodHandleImpl$3 from /opt/jdk/jdk1.8.0_101/jre/lib/rt.jar]
[Loaded java.lang.ClassValue from /opt/jdk/jdk1.8.0_101/jre/lib/rt.jar]
[Loaded java.lang.invoke.MethodHandleImpl$4 from /opt/jdk/jdk1.8.0_101/jre/lib/rt.jar]
[Loaded java.lang.ClassValue$Entry from /opt/jdk/jdk1.8.0_101/jre/lib/rt.jar]
[Loaded java.lang.ClassValue$Identity from /opt/jdk/jdk1.8.0_101/jre/lib/rt.jar]
[Loaded java.lang.ClassValue$Version from /opt/jdk/jdk1.8.0_101/jre/lib/rt.jar]
[Loaded java.lang.invoke.MemberName$Factory from /opt/jdk/jdk1.8.0_101/jre/lib/rt.jar]
[Loaded java.lang.invoke.MethodHandleStatics from /opt/jdk/jdk1.8.0_101/jre/lib/rt.jar]
[Loaded java.lang.invoke.MethodHandleStatics$1 from /opt/jdk/jdk1.8.0_101/jre/lib/rt.jar]
[Loaded sun.misc.PostVMInitHook from /opt/jdk/jdk1.8.0_101/jre/lib/rt.jar]
[Loaded sun.usagetracker.UsageTrackerClient from /opt/jdk/jdk1.8.0_101/jre/lib/rt.jar]
[Loaded java.util.concurrent.atomic.AtomicBoolean from /opt/jdk/jdk1.8.0_101/jre/lib/rt.jar]
[Loaded sun.usagetracker.UsageTrackerClient$1 from /opt/jdk/jdk1.8.0_101/jre/lib/rt.jar]
[Loaded sun.usagetracker.UsageTrackerClient$4 from /opt/jdk/jdk1.8.0_101/jre/lib/rt.jar]
[Loaded sun.usagetracker.UsageTrackerClient$3 from /opt/jdk/jdk1.8.0_101/jre/lib/rt.jar]
[Loaded java.io.FileOutputStream$1 from /opt/jdk/jdk1.8.0_101/jre/lib/rt.jar]
[Loaded sun.launcher.LauncherHelper from /opt/jdk/jdk1.8.0_101/jre/lib/rt.jar]
[Loaded java.net.URLClassLoader$1 from /opt/jdk/jdk1.8.0_101/jre/lib/rt.jar]
[Loaded sun.net.util.URLUtil from /opt/jdk/jdk1.8.0_101/jre/lib/rt.jar]
[Loaded sun.misc.URLClassPath$3 from /opt/jdk/jdk1.8.0_101/jre/lib/rt.jar]
[Loaded sun.misc.URLClassPath$Loader from /opt/jdk/jdk1.8.0_101/jre/lib/rt.jar]
[Loaded sun.misc.URLClassPath$JarLoader from /opt/jdk/jdk1.8.0_101/jre/lib/rt.jar]
[Loaded java.util.zip.ZipConstants from /opt/jdk/jdk1.8.0_101/jre/lib/rt.jar]
[Loaded java.util.zip.ZipFile from /opt/jdk/jdk1.8.0_101/jre/lib/rt.jar]
[Loaded sun.misc.JavaUtilZipFileAccess from /opt/jdk/jdk1.8.0_101/jre/lib/rt.jar]
[Loaded java.util.zip.ZipFile$1 from /opt/jdk/jdk1.8.0_101/jre/lib/rt.jar]
[Loaded sun.misc.URLClassPath$FileLoader from /opt/jdk/jdk1.8.0_101/jre/lib/rt.jar]
[Loaded sun.misc.Resource from /opt/jdk/jdk1.8.0_101/jre/lib/rt.jar]
[Loaded sun.misc.URLClassPath$FileLoader$1 from /opt/jdk/jdk1.8.0_101/jre/lib/rt.jar]
[Loaded java.lang.Package from /opt/jdk/jdk1.8.0_101/jre/lib/rt.jar]
[Loaded sun.nio.ByteBuffered from /opt/jdk/jdk1.8.0_101/jre/lib/rt.jar]
[Loaded sun.misc.PerfCounter from /opt/jdk/jdk1.8.0_101/jre/lib/rt.jar]
[Loaded sun.misc.Perf$GetPerfAction from /opt/jdk/jdk1.8.0_101/jre/lib/rt.jar]
[Loaded sun.misc.Perf from /opt/jdk/jdk1.8.0_101/jre/lib/rt.jar]
[Loaded sun.misc.PerfCounter$CoreCounters from /opt/jdk/jdk1.8.0_101/jre/lib/rt.jar]
[Loaded sun.nio.ch.DirectBuffer from /opt/jdk/jdk1.8.0_101/jre/lib/rt.jar]
[Loaded java.nio.MappedByteBuffer from /opt/jdk/jdk1.8.0_101/jre/lib/rt.jar]
[Loaded java.nio.DirectByteBuffer from /opt/jdk/jdk1.8.0_101/jre/lib/rt.jar]
[Loaded java.nio.LongBuffer from /opt/jdk/jdk1.8.0_101/jre/lib/rt.jar]
[Loaded java.nio.DirectLongBufferU from /opt/jdk/jdk1.8.0_101/jre/lib/rt.jar]
[Loaded java.security.PermissionCollection from /opt/jdk/jdk1.8.0_101/jre/lib/rt.jar]
[Loaded java.security.Permissions from /opt/jdk/jdk1.8.0_101/jre/lib/rt.jar]
[Loaded java.net.URLConnection from /opt/jdk/jdk1.8.0_101/jre/lib/rt.jar]
[Loaded sun.net.www.URLConnection from /opt/jdk/jdk1.8.0_101/jre/lib/rt.jar]
[Loaded sun.net.www.protocol.file.FileURLConnection from /opt/jdk/jdk1.8.0_101/jre/lib/rt.jar]
[Loaded sun.net.www.MessageHeader from /opt/jdk/jdk1.8.0_101/jre/lib/rt.jar]
[Loaded java.io.FilePermission from /opt/jdk/jdk1.8.0_101/jre/lib/rt.jar]
[Loaded java.io.FilePermission$1 from /opt/jdk/jdk1.8.0_101/jre/lib/rt.jar]
[Loaded java.io.FilePermissionCollection from /opt/jdk/jdk1.8.0_101/jre/lib/rt.jar]
[Loaded java.security.AllPermission from /opt/jdk/jdk1.8.0_101/jre/lib/rt.jar]
[Loaded java.security.UnresolvedPermission from /opt/jdk/jdk1.8.0_101/jre/lib/rt.jar]
[Loaded java.security.BasicPermissionCollection from /opt/jdk/jdk1.8.0_101/jre/lib/rt.jar]
[Loaded dustin.examples.Main from file:/home/velu/source-code/java-command-line/bin/]
[Loaded sun.launcher.LauncherHelper$FXHelper from /opt/jdk/jdk1.8.0_101/jre/lib/rt.jar]
[Loaded java.lang.Class$MethodArray from /opt/jdk/jdk1.8.0_101/jre/lib/rt.jar]
[Loaded java.lang.Void from /opt/jdk/jdk1.8.0_101/jre/lib/rt.jar]
[Loaded dustin.examples.Parent from file:/home/velu/source-code/java-command-line/bin/]
[Loaded dustin.examples.Child from file:/home/velu/source-code/java-command-line/bin/]
I'm the Parent.
I'm the Child.
[Loaded java.lang.Shutdown from /opt/jdk/jdk1.8.0_101/jre/lib/rt.jar]
[Loaded java.lang.Shutdown$Lock from /opt/jdk/jdk1.8.0_101/jre/lib/rt.jar]
